<?xml version="1.0" encoding="UTF-8" ?>
<testsuite errors="0" failures="0" hostname="Stevens-MacBook-Pro.local" name="MazeJUnit" tests="8" time="0.063" timestamp="2013-09-23T17:56:55">
  <properties>
    <property name="java.vendor" value="Apple Inc." />
    <property name="sun.java.launcher" value="SUN_STANDARD" />
    <property name="jikes.class.path" value=":/System/Library/Java/JavaVirtualMachines/1.6.0.jdk/Contents/Home/../Classes/alt-rt.jar:/System/Library/Java/JavaVirtualMachines/1.6.0.jdk/Contents/Home/../Classes/alt-string.jar:/System/Library/Java/JavaVirtualMachines/1.6.0.jdk/Contents/Home/../Classes/charsets.jar:/System/Library/Java/JavaVirtualMachines/1.6.0.jdk/Contents/Home/../Classes/classes.jar:/System/Library/Java/JavaVirtualMachines/1.6.0.jdk/Contents/Home/../Classes/dt.jar:/System/Library/Java/JavaVirtualMachines/1.6.0.jdk/Contents/Home/../Classes/jce.jar:/System/Library/Java/JavaVirtualMachines/1.6.0.jdk/Contents/Home/../Classes/jconsole.jar:/System/Library/Java/JavaVirtualMachines/1.6.0.jdk/Contents/Home/../Classes/jsse.jar:/System/Library/Java/JavaVirtualMachines/1.6.0.jdk/Contents/Home/../Classes/management-agent.jar:/System/Library/Java/JavaVirtualMachines/1.6.0.jdk/Contents/Home/../Classes/ui.jar" />
    <property name="sun.management.compiler" value="HotSpot 64-Bit Tiered Compilers" />
    <property name="os.name" value="Mac OS X" />
    <property name="sun.boot.class.path" value="/System/Library/Java/JavaVirtualMachines/1.6.0.jdk/Contents/Classes/jsfd.jar:/System/Library/Java/JavaVirtualMachines/1.6.0.jdk/Contents/Classes/classes.jar:/System/Library/Frameworks/JavaVM.framework/Frameworks/JavaRuntimeSupport.framework/Resources/Java/JavaRuntimeSupport.jar:/System/Library/Java/JavaVirtualMachines/1.6.0.jdk/Contents/Classes/ui.jar:/System/Library/Java/JavaVirtualMachines/1.6.0.jdk/Contents/Classes/laf.jar:/System/Library/Java/JavaVirtualMachines/1.6.0.jdk/Contents/Classes/sunrsasign.jar:/System/Library/Java/JavaVirtualMachines/1.6.0.jdk/Contents/Classes/jsse.jar:/System/Library/Java/JavaVirtualMachines/1.6.0.jdk/Contents/Classes/jce.jar:/System/Library/Java/JavaVirtualMachines/1.6.0.jdk/Contents/Classes/charsets.jar" />
    <property name="env.TMPDIR" value="/var/folders/_7/vvzwnxbs5gs7r3xbv19chzd80000gn/T/" />
    <property name="env.Apple_Ubiquity_Message" value="/tmp/launch-TsYjoH/Apple_Ubiquity_Message" />
    <property name="env.PWD" value="/Users/TronicZomB/Documents/School/Sem 9 2013 Fall/EECS 293/Workspace/Maze" />
    <property name="env.LANG" value="en_US.UTF-8" />
    <property name="java.vm.specification.vendor" value="Sun Microsystems Inc." />
    <property name="ant.home" value="/usr/share/ant" />
    <property name="java.runtime.version" value="1.6.0_51-b11-457-11M4509" />
    <property name="env.Apple_PubSub_Socket_Render" value="/tmp/launch-I29Tmu/Render" />
    <property name="user.name" value="TronicZomB" />
    <property name="env.USER" value="TronicZomB" />
    <property name="env.SHELL" value="/bin/bash" />
    <property name="env.__CF_USER_TEXT_ENCODING" value="0x1F5:0:0" />
    <property name="awt.nativeDoubleBuffering" value="true" />
    <property name="env.PATH" value="/usr/bin:/bin:/usr/sbin:/sbin:/usr/local/bin" />
    <property name="user.language" value="en" />
    <property name="sun.boot.library.path" value="/System/Library/Java/JavaVirtualMachines/1.6.0.jdk/Contents/Libraries" />
    <property name="ant.project.default-target" value="build" />
    <property name="env.JAVA_MAIN_CLASS_9790" value="org.apache.tools.ant.launch.Launcher" />
    <property name="ant.project.name" value="Maze" />
    <property name="java.version" value="1.6.0_51" />
    <property name="user.timezone" value="" />
    <property name="sun.arch.data.model" value="64" />
    <property name="http.nonProxyHosts" value="local|*.local|169.254/16|*.169.254/16|swscan.apple.com|*.swscan.apple.com|swquery.apple.com|*.swquery.apple.com|swdownload.apple.com|*.swdownload.apple.com|swcdn.apple.com|*.swcdn.apple.com" />
    <property name="java.endorsed.dirs" value="/System/Library/Java/JavaVirtualMachines/1.6.0.jdk/Contents/Home/lib/endorsed" />
    <property name="sun.cpu.isalist" value="" />
    <property name="sun.jnu.encoding" value="MacRoman" />
    <property name="file.encoding.pkg" value="sun.io" />
    <property name="env.SHLVL" value="1" />
    <property name="ECLIPSE_HOME" value="/Applications/eclipse" />
    <property name="file.separator" value="/" />
    <property name="java.specification.name" value="Java Platform API Specification" />
    <property name="java.class.version" value="50.0" />
    <property name="user.country" value="US" />
    <property name="java.home" value="/System/Library/Java/JavaVirtualMachines/1.6.0.jdk/Contents/Home" />
    <property name="java.vm.info" value="mixed mode" />
    <property name="env.LOGNAME" value="TronicZomB" />
    <property name="ant.file" value="/Users/TronicZomB/Documents/School/Sem 9 2013 Fall/EECS 293/Workspace/Maze/build.xml" />
    <property name="os.version" value="10.8.5" />
    <property name="env.TERM_PROGRAM_VERSION" value="309" />
    <property name="path.separator" value=":" />
    <property name="java.vm.version" value="20.51-b01-457" />
    <property name="ant.library.dir" value="/usr/share/ant/lib" />
    <property name="junit.output.dir" value="junit" />
    <property name="java.awt.printerjob" value="apple.awt.CPrinterJob" />
    <property name="env.TERM" value="xterm-256color" />
    <property name="sun.io.unicode.encoding" value="UnicodeLittle" />
    <property name="awt.toolkit" value="apple.awt.CToolkit" />
    <property name="socksNonProxyHosts" value="local|*.local|169.254/16|*.169.254/16|swscan.apple.com|*.swscan.apple.com|swquery.apple.com|*.swquery.apple.com|swdownload.apple.com|*.swdownload.apple.com|swcdn.apple.com|*.swcdn.apple.com" />
    <property name="ftp.nonProxyHosts" value="local|*.local|169.254/16|*.169.254/16|swscan.apple.com|*.swscan.apple.com|swquery.apple.com|*.swquery.apple.com|swdownload.apple.com|*.swdownload.apple.com|swcdn.apple.com|*.swcdn.apple.com" />
    <property name="user.home" value="/Users/TronicZomB" />
    <property name="target" value="1.6" />
    <property name="java.specification.vendor" value="Sun Microsystems Inc." />
    <property name="env.TERM_PROGRAM" value="Apple_Terminal" />
    <property name="java.library.path" value=".:/Library/Java/Extensions:/System/Library/Java/Extensions:/usr/lib/java" />
    <property name="java.vendor.url" value="http://www.apple.com/" />
    <property name="java.vm.vendor" value="Apple Inc." />
    <property name="gopherProxySet" value="false" />
    <property name="java.runtime.name" value="Java(TM) SE Runtime Environment" />
    <property name="sun.java.command" value="org.apache.tools.ant.taskdefs.optional.junit.JUnitTestRunner MazeJUnit filtertrace=true haltOnError=false haltOnFailure=false formatter=org.apache.tools.ant.taskdefs.optional.junit.OutErrSummaryJUnitResultFormatter showoutput=false outputtoformatters=true logfailedtests=true logtestlistenerevents=false formatter=org.apache.tools.ant.taskdefs.optional.junit.XMLJUnitResultFormatter,/Users/TronicZomB/Documents/School/Sem 9 2013 Fall/EECS 293/Workspace/Maze/junit/TEST-MazeJUnit.xml crashfile=/Users/TronicZomB/Documents/School/Sem 9 2013 Fall/EECS 293/Workspace/Maze/junitvmwatcher900455844274946475.properties propsfile=/Users/TronicZomB/Documents/School/Sem 9 2013 Fall/EECS 293/Workspace/Maze/junit2106281342478476936.properties" />
    <property name="java.class.path" value="/Users/TronicZomB/Documents/School/Sem 9 2013 Fall/EECS 293/Workspace/Maze/bin:/Users/TronicZomB/Documents/School/Sem 9 2013 Fall/EECS 293/Workspace/Maze/junit.jar:/Users/TronicZomB/Documents/School/Sem 9 2013 Fall/EECS 293/Workspace/Maze/org.hamcrest.core_1.1.0.v20090501071000.jar:/usr/share/java/ant-1.8.4/lib/ant-launcher.jar:/usr/share/ant/lib/ant.jar:/usr/share/ant/lib/ant-junit.jar:/usr/share/ant/lib/ant-junit4.jar" />
    <property name="ant.version" value="Apache Ant(TM) version 1.8.4 compiled on November 8 2012" />
    <property name="env.TERM_SESSION_ID" value="7D97F042-6727-4885-80B1-279FCBBEC00C" />
    <property name="env.com.apple.java.jvmMode" value="client" />
    <property name="java.vm.specification.name" value="Java Virtual Machine Specification" />
    <property name="ant.file.type" value="file" />
    <property name="java.vm.specification.version" value="1.0" />
    <property name="sun.os.patch.level" value="unknown" />
    <property name="sun.cpu.endian" value="little" />
    <property name="debuglevel" value="source,lines,vars" />
    <property name="env.HOME" value="/Users/TronicZomB" />
    <property name="java.io.tmpdir" value="/var/folders/_7/vvzwnxbs5gs7r3xbv19chzd80000gn/T/" />
    <property name="java.vendor.url.bug" value="http://bugreport.apple.com/" />
    <property name="env.SSH_AUTH_SOCK" value="/tmp/launch-AF3XJJ/Listeners" />
    <property name="env.COMMAND_MODE" value="unix2003" />
    <property name="mrj.build" value="11M4509" />
    <property name="java.awt.graphicsenv" value="apple.awt.CGraphicsEnvironment" />
    <property name="os.arch" value="x86_64" />
    <property name="java.ext.dirs" value="/Library/Java/Extensions:/System/Library/Java/Extensions:/System/Library/Java/JavaVirtualMachines/1.6.0.jdk/Contents/Home/lib/ext" />
    <property name="ant.file.Maze" value="/Users/TronicZomB/Documents/School/Sem 9 2013 Fall/EECS 293/Workspace/Maze/build.xml" />
    <property name="user.dir" value="/Users/TronicZomB/Documents/School/Sem 9 2013 Fall/EECS 293/Workspace/Maze" />
    <property name="env.com.apple.java.jvmTask" value="CommandLine_Manual.java" />
    <property name="mrj.version" value="1070.1.6.0_51-457" />
    <property name="ant.file.type.Maze" value="file" />
    <property name="line.separator" value="&#xa;" />
    <property name="java.vm.name" value="Java HotSpot(TM) 64-Bit Server VM" />
    <property name="basedir" value="/Users/TronicZomB/Documents/School/Sem 9 2013 Fall/EECS 293/Workspace/Maze" />
    <property name="ant.java.version" value="1.6" />
    <property name="ant.core.lib" value="/usr/share/ant/lib/ant.jar" />
    <property name="source" value="1.6" />
    <property name="file.encoding" value="MacRoman" />
    <property name="java.specification.version" value="1.6" />
    <property name="ant.project.invoked-targets" value="MazeJUnit" />
  </properties>
  <testcase classname="MazeJUnit" name="testIsValidAndAddCells" time="0.0020" />
  <testcase classname="MazeJUnit" name="testRouteFristToDeadEnd" time="0.0010" />
  <testcase classname="MazeJUnit" name="testAddCellsException" time="0.0" />
  <testcase classname="MazeJUnit" name="testRouteFirstException" time="0.0" />
  <testcase classname="MazeJUnit" name="testCellNotInMaze" time="0.0" />
  <testcase classname="MazeJUnit" name="testInitialCellNotInMaze" time="0.0" />
  <testcase classname="MazeJUnit" name="testAlreadyVisitedCell" time="0.0" />
  <testcase classname="MazeJUnit" name="testInitialCellDeadEnd" time="0.0" />
  <system-out><![CDATA[MazeCell#3 passages:
	MazeCell#4, 12 seconds
MazeCell#4 passages:
	No passages
MazeCell#1 passages:
	MazeCell#3, 14 seconds
	MazeCell#2, 7 seconds
MazeCell#2 passages:
	MazeCell#3, 8 seconds
MazeCell#0 passages:
	MazeCell#3, 15 seconds
	MazeCell#4, 20 seconds
	MazeCell#1, 5 seconds
	MazeCell#2, 10 seconds

MazeCell#5 -- 20 seconds --> MazeCell#9

The MazeRoute after this statement should be empty:

There should be an empty line above this where the empty MazeRotue is.

The MazeRoute after this statement should be empty:

There should be an empty line above this where the empty MazeRotue is.

MazeCell#38 -- 5 seconds --> MazeCell#39
MazeCell#39 -- 7 seconds --> MazeCell#40
MazeCell#40 -- 8 seconds --> MazeCell#41
MazeCell#41 -- 12 seconds --> MazeCell#42

The last MazeCell should not include the initial MazeCell even though from "cell4" that is the only place to go.
The MazeRoute should contain only one MazeCell
MazeCell#53 is the only MazeCell in this route.
The travel time of this route is 0 seconds.

]]></system-out>
  <system-err><![CDATA[]]></system-err>
</testsuite>
