<?xml version="1.0" encoding="UTF-8" ?>
<testsuite errors="0" failures="0" hostname="Stevens-MacBook-Pro.local" name="AllTests" tests="30" time="0.052" timestamp="2013-09-25T15:38:26">
  <properties>
    <property name="java.vendor" value="Apple Inc." />
    <property name="sun.java.launcher" value="SUN_STANDARD" />
    <property name="jikes.class.path" value=":/System/Library/Java/JavaVirtualMachines/1.6.0.jdk/Contents/Home/../Classes/alt-rt.jar:/System/Library/Java/JavaVirtualMachines/1.6.0.jdk/Contents/Home/../Classes/alt-string.jar:/System/Library/Java/JavaVirtualMachines/1.6.0.jdk/Contents/Home/../Classes/charsets.jar:/System/Library/Java/JavaVirtualMachines/1.6.0.jdk/Contents/Home/../Classes/classes.jar:/System/Library/Java/JavaVirtualMachines/1.6.0.jdk/Contents/Home/../Classes/dt.jar:/System/Library/Java/JavaVirtualMachines/1.6.0.jdk/Contents/Home/../Classes/jce.jar:/System/Library/Java/JavaVirtualMachines/1.6.0.jdk/Contents/Home/../Classes/jconsole.jar:/System/Library/Java/JavaVirtualMachines/1.6.0.jdk/Contents/Home/../Classes/jsse.jar:/System/Library/Java/JavaVirtualMachines/1.6.0.jdk/Contents/Home/../Classes/management-agent.jar:/System/Library/Java/JavaVirtualMachines/1.6.0.jdk/Contents/Home/../Classes/ui.jar" />
    <property name="sun.management.compiler" value="HotSpot 64-Bit Tiered Compilers" />
    <property name="os.name" value="Mac OS X" />
    <property name="sun.boot.class.path" value="/System/Library/Java/JavaVirtualMachines/1.6.0.jdk/Contents/Classes/jsfd.jar:/System/Library/Java/JavaVirtualMachines/1.6.0.jdk/Contents/Classes/classes.jar:/System/Library/Frameworks/JavaVM.framework/Frameworks/JavaRuntimeSupport.framework/Resources/Java/JavaRuntimeSupport.jar:/System/Library/Java/JavaVirtualMachines/1.6.0.jdk/Contents/Classes/ui.jar:/System/Library/Java/JavaVirtualMachines/1.6.0.jdk/Contents/Classes/laf.jar:/System/Library/Java/JavaVirtualMachines/1.6.0.jdk/Contents/Classes/sunrsasign.jar:/System/Library/Java/JavaVirtualMachines/1.6.0.jdk/Contents/Classes/jsse.jar:/System/Library/Java/JavaVirtualMachines/1.6.0.jdk/Contents/Classes/jce.jar:/System/Library/Java/JavaVirtualMachines/1.6.0.jdk/Contents/Classes/charsets.jar" />
    <property name="env.TMPDIR" value="/var/folders/_7/vvzwnxbs5gs7r3xbv19chzd80000gn/T/" />
    <property name="env.Apple_Ubiquity_Message" value="/tmp/launch-TsYjoH/Apple_Ubiquity_Message" />
    <property name="env.PWD" value="/Users/TronicZomB/Documents/School/Sem 9 2013 Fall/EECS 293/Workspace/HW04" />
    <property name="env.LANG" value="en_US.UTF-8" />
    <property name="java.vm.specification.vendor" value="Sun Microsystems Inc." />
    <property name="ant.home" value="/usr/share/ant" />
    <property name="java.runtime.version" value="1.6.0_51-b11-457-11M4509" />
    <property name="env.Apple_PubSub_Socket_Render" value="/tmp/launch-I29Tmu/Render" />
    <property name="user.name" value="TronicZomB" />
    <property name="env.USER" value="TronicZomB" />
    <property name="env.SHELL" value="/bin/bash" />
    <property name="env.__CF_USER_TEXT_ENCODING" value="0x1F5:0:0" />
    <property name="awt.nativeDoubleBuffering" value="true" />
    <property name="env.PATH" value="/usr/bin:/bin:/usr/sbin:/sbin:/usr/local/bin" />
    <property name="user.language" value="en" />
    <property name="sun.boot.library.path" value="/System/Library/Java/JavaVirtualMachines/1.6.0.jdk/Contents/Libraries" />
    <property name="ant.project.default-target" value="build" />
    <property name="ant.file.HW04" value="/Users/TronicZomB/Documents/School/Sem 9 2013 Fall/EECS 293/Workspace/HW04/build.xml" />
    <property name="ant.project.name" value="HW04" />
    <property name="java.version" value="1.6.0_51" />
    <property name="ant.file.type.HW04" value="file" />
    <property name="user.timezone" value="" />
    <property name="sun.arch.data.model" value="64" />
    <property name="http.nonProxyHosts" value="local|*.local|169.254/16|*.169.254/16|swscan.apple.com|*.swscan.apple.com|swquery.apple.com|*.swquery.apple.com|swdownload.apple.com|*.swdownload.apple.com|swcdn.apple.com|*.swcdn.apple.com" />
    <property name="java.endorsed.dirs" value="/System/Library/Java/JavaVirtualMachines/1.6.0.jdk/Contents/Home/lib/endorsed" />
    <property name="sun.cpu.isalist" value="" />
    <property name="sun.jnu.encoding" value="MacRoman" />
    <property name="file.encoding.pkg" value="sun.io" />
    <property name="env.SHLVL" value="1" />
    <property name="ECLIPSE_HOME" value="../../../../../../../../Applications/eclipse" />
    <property name="file.separator" value="/" />
    <property name="java.specification.name" value="Java Platform API Specification" />
    <property name="java.class.version" value="50.0" />
    <property name="user.country" value="US" />
    <property name="java.home" value="/System/Library/Java/JavaVirtualMachines/1.6.0.jdk/Contents/Home" />
    <property name="java.vm.info" value="mixed mode" />
    <property name="env.LOGNAME" value="TronicZomB" />
    <property name="ant.file" value="/Users/TronicZomB/Documents/School/Sem 9 2013 Fall/EECS 293/Workspace/HW04/build.xml" />
    <property name="os.version" value="10.8.5" />
    <property name="env.TERM_PROGRAM_VERSION" value="309" />
    <property name="path.separator" value=":" />
    <property name="java.vm.version" value="20.51-b01-457" />
    <property name="ant.library.dir" value="/usr/share/ant/lib" />
    <property name="junit.output.dir" value="junit" />
    <property name="java.awt.printerjob" value="apple.awt.CPrinterJob" />
    <property name="env.TERM" value="xterm-256color" />
    <property name="sun.io.unicode.encoding" value="UnicodeLittle" />
    <property name="awt.toolkit" value="apple.awt.CToolkit" />
    <property name="socksNonProxyHosts" value="local|*.local|169.254/16|*.169.254/16|swscan.apple.com|*.swscan.apple.com|swquery.apple.com|*.swquery.apple.com|swdownload.apple.com|*.swdownload.apple.com|swcdn.apple.com|*.swcdn.apple.com" />
    <property name="ftp.nonProxyHosts" value="local|*.local|169.254/16|*.169.254/16|swscan.apple.com|*.swscan.apple.com|swquery.apple.com|*.swquery.apple.com|swdownload.apple.com|*.swdownload.apple.com|swcdn.apple.com|*.swcdn.apple.com" />
    <property name="user.home" value="/Users/TronicZomB" />
    <property name="target" value="1.6" />
    <property name="java.specification.vendor" value="Sun Microsystems Inc." />
    <property name="env.TERM_PROGRAM" value="Apple_Terminal" />
    <property name="java.library.path" value=".:/Library/Java/Extensions:/System/Library/Java/Extensions:/usr/lib/java" />
    <property name="java.vendor.url" value="http://www.apple.com/" />
    <property name="java.vm.vendor" value="Apple Inc." />
    <property name="gopherProxySet" value="false" />
    <property name="java.runtime.name" value="Java(TM) SE Runtime Environment" />
    <property name="sun.java.command" value="org.apache.tools.ant.taskdefs.optional.junit.JUnitTestRunner AllTests filtertrace=true haltOnError=false haltOnFailure=false formatter=org.apache.tools.ant.taskdefs.optional.junit.OutErrSummaryJUnitResultFormatter showoutput=false outputtoformatters=true logfailedtests=true logtestlistenerevents=false formatter=org.apache.tools.ant.taskdefs.optional.junit.XMLJUnitResultFormatter,/Users/TronicZomB/Documents/School/Sem 9 2013 Fall/EECS 293/Workspace/HW04/junit/TEST-AllTests.xml crashfile=/Users/TronicZomB/Documents/School/Sem 9 2013 Fall/EECS 293/Workspace/HW04/junitvmwatcher2214900535132894408.properties propsfile=/Users/TronicZomB/Documents/School/Sem 9 2013 Fall/EECS 293/Workspace/HW04/junit3976562889914235296.properties" />
    <property name="java.class.path" value="/Users/TronicZomB/Documents/School/Sem 9 2013 Fall/EECS 293/Workspace/HW04/bin:/Users/TronicZomB/Documents/School/Sem 9 2013 Fall/EECS 293/Workspace/HW04/junit.jar:/Users/TronicZomB/Documents/School/Sem 9 2013 Fall/EECS 293/Workspace/HW04/org.hamcrest.core_1.1.0.v20090501071000.jar:/usr/share/java/ant-1.8.4/lib/ant-launcher.jar:/usr/share/ant/lib/ant.jar:/usr/share/ant/lib/ant-junit.jar:/usr/share/ant/lib/ant-junit4.jar" />
    <property name="ant.version" value="Apache Ant(TM) version 1.8.4 compiled on November 8 2012" />
    <property name="env.TERM_SESSION_ID" value="F275B59A-9789-421E-8226-92CD94529CC5" />
    <property name="env.com.apple.java.jvmMode" value="client" />
    <property name="java.vm.specification.name" value="Java Virtual Machine Specification" />
    <property name="ant.file.type" value="file" />
    <property name="java.vm.specification.version" value="1.0" />
    <property name="sun.os.patch.level" value="unknown" />
    <property name="sun.cpu.endian" value="little" />
    <property name="debuglevel" value="source,lines,vars" />
    <property name="env.HOME" value="/Users/TronicZomB" />
    <property name="env.JAVA_MAIN_CLASS_12953" value="org.apache.tools.ant.launch.Launcher" />
    <property name="java.io.tmpdir" value="/var/folders/_7/vvzwnxbs5gs7r3xbv19chzd80000gn/T/" />
    <property name="java.vendor.url.bug" value="http://bugreport.apple.com/" />
    <property name="env.SSH_AUTH_SOCK" value="/tmp/launch-AF3XJJ/Listeners" />
    <property name="env.COMMAND_MODE" value="unix2003" />
    <property name="mrj.build" value="11M4509" />
    <property name="java.awt.graphicsenv" value="apple.awt.CGraphicsEnvironment" />
    <property name="os.arch" value="x86_64" />
    <property name="java.ext.dirs" value="/Library/Java/Extensions:/System/Library/Java/Extensions:/System/Library/Java/JavaVirtualMachines/1.6.0.jdk/Contents/Home/lib/ext" />
    <property name="user.dir" value="/Users/TronicZomB/Documents/School/Sem 9 2013 Fall/EECS 293/Workspace/HW04" />
    <property name="env.com.apple.java.jvmTask" value="CommandLine_Manual.java" />
    <property name="mrj.version" value="1070.1.6.0_51-457" />
    <property name="line.separator" value="&#xa;" />
    <property name="java.vm.name" value="Java HotSpot(TM) 64-Bit Server VM" />
    <property name="basedir" value="/Users/TronicZomB/Documents/School/Sem 9 2013 Fall/EECS 293/Workspace/HW04" />
    <property name="ant.java.version" value="1.6" />
    <property name="ant.core.lib" value="/usr/share/ant/lib/ant.jar" />
    <property name="source" value="1.6" />
    <property name="file.encoding" value="MacRoman" />
    <property name="java.specification.version" value="1.6" />
    <property name="ant.project.invoked-targets" value="AllTests" />
  </properties>
  <testcase classname="HW4Tests" name="testRandomFirstSame" time="0.0020" />
  <testcase classname="HW4Tests" name="testRandomFirstDifferent" time="0.0010" />
  <testcase classname="HW4Tests" name="testAddPassagesNew" time="0.0010" />
  <testcase classname="HW4Tests" name="testAddPassagesZero" time="0.0" />
  <testcase classname="HW4Tests" name="testAddPassagesNegative" time="0.0010" />
  <testcase classname="MazeCellJUnit" name="testAddPassagesAndIsValid" time="0.0010" />
  <testcase classname="MazeCellJUnit" name="testCorrectPassages" time="0.0" />
  <testcase classname="MazeCellJUnit" name="testEqualsOverride" time="0.0" />
  <testcase classname="MazeCellJUnit" name="testIncorrectPassages" time="0.0010" />
  <testcase classname="MazeCellJUnit" name="testCorrectPassageTimeTo" time="0.0" />
  <testcase classname="MazeCellJUnit" name="testIncorrectPassageTimeTo" time="0.0" />
  <testcase classname="MazeCellJUnit" name="testCorrectConnectedCells" time="0.0010" />
  <testcase classname="MazeCellJUnit" name="testIncorrectConnectedCells" time="0.0" />
  <testcase classname="MazeCellJUnit" name="testCorrectIsDeadEnd" time="0.0" />
  <testcase classname="MazeCellJUnit" name="testIncorrectIsDeadEnd" time="0.0" />
  <testcase classname="MazeJUnit" name="testIsValidAndAddCells" time="0.0010" />
  <testcase classname="MazeJUnit" name="testRouteFristToDeadEnd" time="0.0" />
  <testcase classname="MazeJUnit" name="testAddCellsException" time="0.0" />
  <testcase classname="MazeJUnit" name="testRouteFirstException" time="0.0" />
  <testcase classname="MazeJUnit" name="testCellNotInMaze" time="0.0" />
  <testcase classname="MazeJUnit" name="testInitialCellNotInMaze" time="0.0" />
  <testcase classname="MazeJUnit" name="testAlreadyVisitedCell" time="0.0" />
  <testcase classname="MazeJUnit" name="testInitialCellDeadEnd" time="0.0" />
  <testcase classname="MazeRouteJUnit" name="testAddCellsAndIsValidAndToStringAndTravelTime" time="0.0" />
  <testcase classname="MazeRouteJUnit" name="testSingleMazeCellTravelTime" time="0.0" />
  <testcase classname="MazeRouteJUnit" name="testMaxValueTravelTime" time="0.0" />
  <testcase classname="MazeRouteJUnit" name="testIncorrectAddCellsRoute" time="0.0" />
  <testcase classname="MazeRouteJUnit" name="testIncorrectTravelTime" time="0.0010" />
  <testcase classname="MazeRouteJUnit" name="testCorrectGetCells" time="0.0" />
  <testcase classname="MazeRouteJUnit" name="testIncorrectGetCells" time="0.0" />
  <system-out><![CDATA[The following two MazeRoutes should be the same:
Maze.routeFirst():
MazeCell#0 -- 5 seconds --> MazeCell#1
MazeCell#1 -- 7 seconds --> MazeCell#2
MazeCell#2 -- 8 seconds --> MazeCell#3
MazeCell#3 -- 12 seconds --> MazeCell#4

Maze.routeRandom():
MazeCell#0 -- 5 seconds --> MazeCell#1
MazeCell#1 -- 7 seconds --> MazeCell#2
MazeCell#2 -- 8 seconds --> MazeCell#3
MazeCell#3 -- 12 seconds --> MazeCell#4

The travel time for the random route is 32 seconds.
The random travel time for the random route is 6 seconds.

The following two MazeRoutes should be different:
Maze.routeFirst():
MazeCell#13 -- 20 seconds --> MazeCell#17

Maze.routeRandom():
MazeCell#13 -- 15 seconds --> MazeCell#16
MazeCell#16 -- 12 seconds --> MazeCell#17

The Status before addPassages: The MazeCell is ok.
The Status after addPassages: The MazeCell is ok.
The Status after addPassages a second time: This MazeCell was already valid.

The Status before addPassages: The MazeCell is ok.
The Status after addPassages with a passage of travel time zero: The travel time is invalid.

The Status before addPassages: The MazeCell is ok.
The Status after addPassages with a passage of travel time negative: The travel time is invalid.

MazeCell#88 passages:
	MazeCell#89, 8 seconds
MazeCell#87 passages:
	MazeCell#88, 7 seconds
	MazeCell#89, 14 seconds
MazeCell#86 passages:
	MazeCell#88, 10 seconds
	MazeCell#87, 5 seconds
	MazeCell#90, 20 seconds
	MazeCell#89, 15 seconds
MazeCell#90 passages:
	No passages
MazeCell#89 passages:
	MazeCell#90, 12 seconds

MazeCell#91 -- 20 seconds --> MazeCell#95

The MazeRoute after this statement should be empty:

There should be an empty line above this where the empty MazeRotue is.

The MazeRoute after this statement should be empty:

There should be an empty line above this where the empty MazeRotue is.

MazeCell#124 -- 10 seconds --> MazeCell#126
MazeCell#126 -- 8 seconds --> MazeCell#127
MazeCell#127 -- 12 seconds --> MazeCell#128

The last MazeCell should not include the initial MazeCell even though from "cell4" that is the only place to go.
The MazeRoute should contain only one MazeCell
MazeCell#138 is the only MazeCell in this route.
The travel time of this route is 0 seconds.

MazeCell#139 -- 20 seconds --> MazeCell#140
MazeCell#140 -- 30 seconds --> MazeCell#141

50
MazeCell#144 is the only MazeCell in this route.
The travel time of this route is 0 seconds.

MazeCell#149 -- 20 seconds --> MazeCell#150
MazeCell#150 -- 30 seconds --> MazeCell#151
MazeCell#151 -- NO PASSAGE --> MazeCell#152

]]></system-out>
  <system-err><![CDATA[]]></system-err>
</testsuite>
